ℹ️  Прокси не настроен — прямой доступ
🏙️  Город: Краснодар | cache JKs: 0

🔍 ЖК для обработки: 231
════════════════════════════════════════════════════════════

[1/231] 7 вершин (id=483, cian=42684) | ETA 0м0с
  🔄 Новая сессия (ротация IP прокси)
  ✅ фото=0  lat=—  addr=—
      округ=—  мкр=—  dev=—  desc=0c  (2 полей)

[2/231] 70-летия Октября (id=466, cian=8050) | ETA 8м31с
  ✅ фото=0  lat=—  addr=—
      округ=—  мкр=—  dev=—  desc=0c  (2 полей)

[3/231] AVrorA (Аврора) (id=456, cian=6137) | ETA 10м18с
  ✅ фото=0  lat=—  addr=—
      округ=—  мкр=—  dev=—  desc=0c  (2 полей)

[4/231] Development-Plaza (Девелопмент-Плаза) (id=312, cian=144280) | ETA 12м47с
  ✅ фото=0  lat=—  addr=—
      округ=—  мкр=—  dev=—  desc=0c  (3 полей)

[5/231] ISAY-ПАРК (Исай-Парк) (id=305, cian=1342136) | ETA 12м19с
  ✅ фото=0  lat=—  addr=—
      округ=—  мкр=—  dev=—  desc=0c  (3 полей)

[6/231] MegaCity (МегаСити) (id=343, cian=4390894) | ETA 12м21с
  ✅ фото=0  lat=—  addr=—
      округ=—  мкр=—  dev=—  desc=0c  (3 полей)

[7/231] Nova Vita (Нова Вита) (id=292, cian=4093078) | ETA 13м35с
  ✅ фото=0  lat=—  addr=—
      округ=—  мкр=—  dev=—  desc=0c  (3 полей)

[8/231] Novella (Новелла) (id=373, cian=1706586) | ETA 13м45с
  ✅ фото=0  lat=—  addr=—
      округ=—  мкр=—  dev=—  desc=0c  (2 полей)

[9/231] Rich House (Рич Хаус) (id=367, cian=8386) | ETA 13м51с
  ✅ фото=0  lat=—  addr=—
      округ=—  мкр=—  dev=—  desc=0c  (2 полей)

[10/231] Sport Village (Спорт Виладж) (id=301, cian=8287) | ETA 13м56с
  ✅ фото=0  lat=—  addr=—
      округ=—  мкр=—  dev=—  desc=0c  (3 полей)

[11/231] Абрикос (id=431, cian=7941) | ETA 13м50с
  ✅ фото=0  lat=—  addr=—
      округ=—  мкр=—  dev=—  desc=0c  (2 полей)

[12/231] Абрикосово (id=439, cian=16066) | ETA 13м44с
  ✅ фото=0  lat=—  addr=—
      округ=—  мкр=—  dev=—  desc=0c  (2 полей)

[13/231] Адмирал (id=454, cian=2526) | ETA 13м39с
  ✅ фото=0  lat=—  addr=—
      округ=—  мкр=—  dev=—  desc=0c  (2 полей)

[14/231] Айвазовский (id=418, cian=49838) | ETA 13м40с
  ✅ фото=0  lat=—  addr=—
      округ=—  мкр=—  dev=—  desc=0c  (2 полей)

[15/231] Академический (id=370, cian=5446) | ETA 13м42с
  ✅ фото=0  lat=—  addr=—
      округ=—  мкр=—  dev=—  desc=0c  (2 полей)

[16/231] Акварели-2 (id=408, cian=48878) | ETA 13м44с
  ✅ фото=0  lat=—  addr=—
      округ=—  мкр=—  dev=—  desc=0c  (2 полей)

[17/231] Аксиома (id=284, cian=4473850) | ETA 13м38с
  ✅ фото=0  lat=—  addr=—
      округ=—  мкр=—  dev=—  desc=0c  (3 полей)

[18/231] Аксис Центр (id=298, cian=23719) | ETA 13м32с
  ✅ фото=0  lat=—  addr=—
      округ=—  мкр=—  dev=—  desc=0c  (3 полей)

[19/231] Алые Паруса (id=404, cian=8084) | ETA 12м30с
  ✅ фото=0  lat=—  addr=—
      округ=—  мкр=—  dev=—  desc=0c  (2 полей)

[20/231] Альпы (id=472, cian=51348) | ETA 12м29с
  ✅ фото=0  lat=—  addr=—
      округ=—  мкр=—  dev=—  desc=0c  (2 полей)

[21/231] Андерсен (id=464, cian=8095) | ETA 13м32с
  ✅ фото=0  lat=—  addr=—
      округ=—  мкр=—  dev=—  desc=0c  (2 полей)

[22/231] Арена Парк (id=415, cian=8251) | ETA 13м32с
  ✅ фото=0  lat=—  addr=—
      округ=—  мкр=—  dev=—  desc=0c  (2 полей)

[23/231] Архитектор (id=229, cian=4234827) | ETA 13м33с
  ✅ фото=0  lat=—  addr=—
      округ=—  мкр=—  dev=—  desc=0c  (3 полей)

[24/231] Атмосфера (id=442, cian=8536) | ETA 13м32с
  ✅ фото=0  lat=—  addr=—
      округ=—  мкр=—  dev=—  desc=0c  (2 полей)

[25/231] Барселона (id=422, cian=8099) | ETA 12м26с
  ✅ фото=0  lat=—  addr=—
      округ=—  мкр=—  dev=—  desc=0c  (2 полей)

[26/231] Бауинвест (id=302, cian=15395) | ETA 12м25с
  ✅ фото=0  lat=—  addr=—
      округ=—  мкр=—  dev=—  desc=0c  (3 полей)

[27/231] Большая Таманская (id=469, cian=17476) | ETA 12м19с
  ✅ фото=0  lat=—  addr=—
      округ=—  мкр=—  dev=—  desc=0c  (2 полей)

[28/231] Британия (id=382, cian=8129) | ETA 12м15с
  ✅ фото=0  lat=—  addr=—
      округ=—  мкр=—  dev=—  desc=0c  (2 полей)

[29/231] Валентина (id=479, cian=8020) | ETA 12м13с
  ✅ фото=0  lat=—  addr=—
      округ=—  мкр=—  dev=—  desc=0c  (2 полей)

[30/231] Версаль (id=461, cian=8191) | ETA 12м11с
  ✅ фото=0  lat=—  addr=—
      округ=—  мкр=—  dev=—  desc=0c  (2 полей)

[31/231] Вершины (id=341, cian=5537167) | ETA 12м9с
  ✅ фото=0  lat=—  addr=—
      округ=—  мкр=—  dev=—  desc=0c  (3 полей)

[32/231] Вивальди (id=362, cian=8204) | ETA 12м4с
  ✅ фото=0  lat=—  addr=—
      округ=—  мкр=—  dev=—  desc=0c  (2 полей)

[33/231] Видный (id=369, cian=8238) | ETA 12м2с
  ✅ фото=0  lat=—  addr=—
      округ=—  мкр=—  dev=—  desc=0c  (2 полей)

[34/231] Виктория (id=447, cian=2924) | ETA 12м60с
  ✅ фото=0  lat=—  addr=—
      округ=—  мкр=—  dev=—  desc=0c  (2 полей)

[35/231] Виноградъ (id=477, cian=44284) | ETA 12м55с
  ✅ фото=0  lat=—  addr=—
      округ=—  мкр=—  dev=—  desc=0c  (2 полей)

[36/231] Виноградъ-2 (id=353, cian=49945) | ETA 12м50с
  ✅ фото=0  lat=—  addr=—
      округ=—  мкр=—  dev=—  desc=0c  (2 полей)

[37/231] Возрождение (Краснодар) (id=363, cian=121) | ETA 12м45с
  ✅ фото=0  lat=—  addr=—
      округ=—  мкр=—  dev=—  desc=0c  (2 полей)

[38/231] Воровского 15 (id=351, cian=8051) | ETA 12м42с
  ✅ фото=0  lat=—  addr=—
      округ=—  мкр=—  dev=—  desc=0c  (2 полей)

[39/231] Восток (id=434, cian=2931) | ETA 12м40с
  ✅ фото=0  lat=—  addr=—
      округ=—  мкр=—  dev=—  desc=0c  (2 полей)

[40/231] Восточно-Кругликовский (id=368, cian=8440) | ETA 12м37с
  ✅ фото=0  lat=—  addr=—
      округ=—  мкр=—  dev=—  desc=0c  (2 полей)

[41/231] Восточный (id=375, cian=7981) | ETA 12м32с
  ✅ фото=0  lat=—  addr=—
      округ=—  мкр=—  dev=—  desc=0c  (2 полей)

[42/231] Все свои Vip (Все свои Вип) (id=222, cian=49778) | ETA 11м30с
  ✅ фото=0  lat=—  addr=—
      округ=—  мкр=—  dev=—  desc=0c  (3 полей)

[43/231] ГРИН ЭППЛ (id=311, cian=4660831) | ETA 11м25с
  ✅ фото=0  lat=—  addr=—
      округ=—  мкр=—  dev=—  desc=0c  (3 полей)

[44/231] Гагаринский (id=438, cian=33428) | ETA 11м23с
  ✅ фото=0  lat=—  addr=—
      округ=—  мкр=—  dev=—  desc=0c  (2 полей)

[45/231] Галактика (id=459, cian=48875) | ETA 11м18с
  ✅ фото=0  lat=—  addr=—
      округ=—  мкр=—  dev=—  desc=0c  (2 полей)

[46/231] Гарантия (id=365, cian=14168) | ETA 11м15с
  ✅ фото=0  lat=—  addr=—
      округ=—  мкр=—  dev=—  desc=0c  (2 полей)

[47/231] Гарантия в Немецкой Деревне (id=295, cian=2062715) | ETA 11м12с
  ✅ фото=0  lat=—  addr=—
      округ=—  мкр=—  dev=—  desc=0c  (3 полей)

[48/231] Гарантия на Карякина (id=453, cian=382868) | ETA 11м7с
  ✅ фото=0  lat=—  addr=—
      округ=—  мкр=—  dev=—  desc=0c  (2 полей)

[49/231] Гарантия на Обрывной (id=282, cian=3743958) | ETA 11м3с
  ✅ фото=0  lat=—  addr=—
      округ=—  мкр=—  dev=—  desc=0c  (3 полей)

[50/231] Георгиевский (id=411, cian=2231) | ETA 11м60с
  ✅ фото=0  lat=—  addr=—
      округ=—  мкр=—  dev=—  desc=0c  (2 полей)

[51/231] Германия (id=403, cian=5436) | ETA 11м57с
  ✅ фото=0  lat=—  addr=—
      округ=—  мкр=—  dev=—  desc=0c  (2 полей)

[52/231] Грани (id=325, cian=48852) | ETA 11м53с
  ✅ фото=0  lat=—  addr=—
      округ=—  мкр=—  dev=—  desc=0c  (3 полей)

[53/231] Грейд (id=214, cian=5729510) | ETA 11м50с
  ✅ фото=0  lat=—  addr=—
      округ=—  мкр=—  dev=—  desc=0c  (3 полей)

[54/231] Губернский (id=355, cian=7996) | ETA 11м47с
  ✅ фото=0  lat=—  addr=—
      округ=—  мкр=—  dev=—  desc=0c  (2 полей)

[55/231] Гулливер (id=209, cian=8098) | ETA 11м42с
  ✅ фото=0  lat=—  addr=—
      округ=—  мкр=—  dev=—  desc=0c  (3 полей)

[56/231] ДОГМА ПАРК (id=323, cian=4000614) | ETA 11м39с
  ✅ фото=0  lat=—  addr=—
      округ=—  мкр=—  dev=—  desc=0c  (3 полей)

[57/231] Дарград (id=317, cian=42730) | ETA 11м37с
  ✅ фото=0  lat=—  addr=—
      округ=—  мкр=—  dev=—  desc=0c  (3 полей)

[58/231] Династия (id=476, cian=7942) | ETA 11м34с
  ✅ фото=0  lat=—  addr=—
      округ=—  мкр=—  dev=—  desc=0c  (2 полей)

[59/231] Дом 101 (id=207, cian=5707399) | ETA 10м30с
  ✅ фото=0  lat=—  addr=—
      округ=—  мкр=—  dev=—  desc=0c  (3 полей)

[60/231] Дом Эндемик (id=213, cian=5091765) | ETA 10м27с
  ✅ фото=0  lat=—  addr=—
      округ=—  мкр=—  dev=—  desc=0c  (3 полей)

[61/231] Дом на Лаврова (id=416, cian=2052973) | ETA 10м24с
  ✅ фото=0  lat=—  addr=—
      округ=—  мкр=—  dev=—  desc=0c  (2 полей)

[62/231] Дом на Московской (id=432, cian=3418978) | ETA 10м21с
  ✅ фото=0  lat=—  addr=—
      округ=—  мкр=—  dev=—  desc=0c  (2 полей)

[63/231] Дом на Школьной (id=379, cian=48411) | ETA 10м16с
  ✅ фото=0  lat=—  addr=—
      округ=—  мкр=—  dev=—  desc=0c  (2 полей)

[64/231] Дом у озера (id=324, cian=3982387) | ETA 10м13с
  ✅ фото=0  lat=—  addr=—
      округ=—  мкр=—  dev=—  desc=0c  (3 полей)

[65/231] Достояние (id=393, cian=1789905) | ETA 10м10с
  ✅ фото=0  lat=—  addr=—
      округ=—  мкр=—  dev=—  desc=0c  (2 полей)

[66/231] Друг (id=316, cian=4000514) | ETA 10м8с
  🔄 Новая сессия (ротация IP прокси)
  ✅ фото=0  lat=—  addr=—
      округ=—  мкр=—  dev=—  desc=0c  (3 полей)

[67/231] Дружный (id=482, cian=48874) | ETA 10м3с
  ✅ фото=0  lat=—  addr=—
      округ=—  мкр=—  dev=—  desc=0c  (2 полей)

[68/231] Дружный 2 (id=470, cian=1403107) | ETA 10м59с
  ✅ фото=0  lat=—  addr=—
      округ=—  мкр=—  dev=—  desc=0c  (2 полей)

[69/231] Друзья (id=278, cian=4110588) | ETA 10м56с
  ✅ фото=0  lat=—  addr=—
      округ=—  мкр=—  dev=—  desc=0c  (3 полей)

[70/231] Дуэт (id=359, cian=8298) | ETA 10м51с
  ✅ фото=0  lat=—  addr=—
      округ=—  мкр=—  dev=—  desc=0c  (2 полей)

[71/231] Дыхание (id=380, cian=39245) | ETA 10м47с
  ✅ фото=0  lat=—  addr=—
      округ=—  мкр=—  dev=—  desc=0c  (2 полей)

[72/231] Европа-Сити (id=294, cian=5445) | ETA 10м44с
  ✅ фото=0  lat=—  addr=—
      округ=—  мкр=—  dev=—  desc=0c  (3 полей)

[73/231] Европейский (id=215, cian=32172) | ETA 10м40с
  ✅ фото=0  lat=—  addr=—
      округ=—  мкр=—  dev=—  desc=0c  (3 полей)

[74/231] Европейский (id=405, cian=8672) | ETA 10м37с
  ✅ фото=0  lat=—  addr=—
      округ=—  мкр=—  dev=—  desc=0c  (2 полей)

[75/231] Ежи (id=449, cian=8405) | ETA 10м34с
  ✅ фото=0  lat=—  addr=—
      округ=—  мкр=—  dev=—  desc=0c  (2 полей)

[76/231] Екатерининский парк (id=283, cian=3697100) | ETA 9м30с
  ✅ фото=0  lat=—  addr=—
      округ=—  мкр=—  dev=—  desc=0c  (3 полей)

[77/231] Екатеринодар (Архитектора Петина) (id=423, cian=2238) | ETA 9м26с
  ✅ фото=0  lat=—  addr=—
      округ=—  мкр=—  dev=—  desc=0c  (2 полей)

[78/231] ЖК24 (id=471, cian=43821) | ETA 9м23с
  ✅ фото=0  lat=—  addr=—
      округ=—  мкр=—  dev=—  desc=0c  (2 полей)

[79/231] Жемчужина (id=441, cian=8300) | ETA 9м20с
  ✅ фото=0  lat=—  addr=—
      округ=—  мкр=—  dev=—  desc=0c  (2 полей)

[80/231] Зеленая территория (id=280, cian=4167304) | ETA 9м16с
  ✅ фото=0  lat=—  addr=—
      округ=—  мкр=—  dev=—  desc=0c  (3 полей)

[81/231] Зеленодар (id=288, cian=8156) | ETA 9м13с
  ✅ фото=0  lat=—  addr=—
      округ=—  мкр=—  dev=—  desc=0c  (3 полей)

[82/231] Империал (id=427, cian=8305) | ETA 9м10с
  ✅ фото=0  lat=—  addr=—
      округ=—  мкр=—  dev=—  desc=0c  (2 полей)

[83/231] Иначе в Молодежном (id=233, cian=4638864) | ETA 9м6с
  ✅ фото=0  lat=—  addr=—
      округ=—  мкр=—  dev=—  desc=0c  (3 полей)

[84/231] Инсити (Российская улица, 267/3к1) (id=437, cian=8547) | ETA 9м3с
  ✅ фото=0  lat=—  addr=—
      округ=—  мкр=—  dev=—  desc=0c  (2 полей)

[85/231] К24 (id=304, cian=4866176) | ETA 9м59с
  ✅ фото=0  lat=—  addr=—
      округ=—  мкр=—  dev=—  desc=0c  (3 полей)

[86/231] Каскад (id=384, cian=8526) | ETA 9м56с
  ✅ фото=0  lat=—  addr=—
      округ=—  мкр=—  dev=—  desc=0c  (2 полей)

[87/231] Квартал №6 (id=332, cian=1445722) | ETA 9м53с
  ✅ фото=0  lat=—  addr=—
      округ=—  мкр=—  dev=—  desc=0c  (3 полей)

[88/231] Коллекция (id=232, cian=5511319) | ETA 9м49с
  ✅ фото=0  lat=—  addr=—
      округ=—  мкр=—  dev=—  desc=0c  (3 полей)

[89/231] Космос (id=391, cian=44433) | ETA 9м47с
  ✅ фото=0  lat=—  addr=—
      округ=—  мкр=—  dev=—  desc=0c  (2 полей)

[90/231] Краски (id=387, cian=50511) | ETA 9м43с
  ✅ фото=0  lat=—  addr=—
      округ=—  мкр=—  dev=—  desc=0c  (2 полей)

[91/231] Красная Площадь (id=406, cian=8317) | ETA 9м39с
  ✅ фото=0  lat=—  addr=—
      округ=—  мкр=—  dev=—  desc=0c  (2 полей)

[92/231] Краснодар сити (id=306, cian=8514) | ETA 9м35с
  ✅ фото=0  lat=—  addr=—
      округ=—  мкр=—  dev=—  desc=0c  (3 полей)

[93/231] Кремлевские ворота (id=443, cian=15360) | ETA 9м31с
  ✅ фото=0  lat=—  addr=—
      округ=—  мкр=—  dev=—  desc=0c  (2 полей)

[94/231] Крылья (id=394, cian=50169) | ETA 8м28с
  ✅ фото=0  lat=—  addr=—
      округ=—  мкр=—  dev=—  desc=0c  (2 полей)

[95/231] Кубаночка (id=321, cian=1361820) | ETA 8м24с
  ✅ фото=0  lat=—  addr=—
      округ=—  мкр=—  dev=—  desc=0c  (3 полей)

[96/231] Левада (id=300, cian=3693292) | ETA 8м21с
  ✅ фото=0  lat=—  addr=—
      округ=—  мкр=—  dev=—  desc=0c  (3 полей)

[97/231] Легенда (id=457, cian=7978) | ETA 8м16с
  ✅ фото=0  lat=—  addr=—
      округ=—  мкр=—  dev=—  desc=0c  (2 полей)

[98/231] Лето (id=297, cian=4040767) | ETA 8м12с
  ✅ фото=0  lat=—  addr=—
      округ=—  мкр=—  dev=—  desc=0c  (3 полей)

[99/231] Лучший (id=374, cian=400180) | ETA 8м9с
  ✅ фото=0  lat=—  addr=—
      округ=—  мкр=—  dev=—  desc=0c  (2 полей)

[100/231] МОЁ (id=313, cian=4865914) | ETA 8м5с
  ✅ фото=0  lat=—  addr=—
      округ=—  мкр=—  dev=—  desc=0c  (3 полей)

[101/231] МОНО Квартал (id=226, cian=5071447) | ETA 8м1с
  ✅ фото=0  lat=—  addr=—
      округ=—  мкр=—  dev=—  desc=0c  (3 полей)

[102/231] Марсель 2 (id=421, cian=48374) | ETA 8м58с
  ✅ фото=0  lat=—  addr=—
      округ=—  мкр=—  dev=—  desc=0c  (2 полей)

[103/231] Маршал (id=360, cian=19166) | ETA 8м54с
  ✅ фото=0  lat=—  addr=—
      округ=—  мкр=—  dev=—  desc=0c  (2 полей)

[104/231] Матрешки (id=388, cian=18149) | ETA 8м51с
  ✅ фото=0  lat=—  addr=—
      округ=—  мкр=—  dev=—  desc=0c  (2 полей)

[105/231] Мега (id=340, cian=49667) | ETA 8м47с
  ✅ фото=0  lat=—  addr=—
      округ=—  мкр=—  dev=—  desc=0c  (3 полей)

[106/231] Мега-Победа (id=467, cian=229249) | ETA 8м43с
  ✅ фото=0  lat=—  addr=—
      округ=—  мкр=—  dev=—  desc=0c  (2 полей)

[107/231] Мега-Победа 2 (id=356, cian=4026646) | ETA 8м39с
  ✅ фото=0  lat=—  addr=—
      округ=—  мкр=—  dev=—  desc=0c  (2 полей)

[108/231] Мега-Победа 3 (id=417, cian=4203841) | ETA 8м36с
  ✅ фото=0  lat=—  addr=—
      округ=—  мкр=—  dev=—  desc=0c  (2 полей)

[109/231] Микрорайон «Новая Елизаветка (id=225, cian=4717925) | ETA 8м32с
  ✅ фото=0  lat=—  addr=—
      округ=—  мкр=—  dev=—  desc=0c  (3 полей)

[110/231] Микрорайон Красная площадь (id=330, cian=47067) | ETA 7м29с
  ✅ фото=0  lat=—  addr=—
      округ=—  мкр=—  dev=—  desc=0c  (3 полей)

[111/231] Микрорайон Любимово (id=348, cian=3424771) | ETA 7м25с
  ✅ фото=0  lat=—  addr=—
      округ=—  мкр=—  dev=—  desc=0c  (2 полей)

[112/231] Микрорайон Образцово (id=231, cian=4792223) | ETA 7м21с
  ✅ фото=0  lat=—  addr=—
      округ=—  мкр=—  dev=—  desc=0c  (3 полей)

[113/231] Мозаика (id=354, cian=44901) | ETA 7м18с
  ✅ фото=0  lat=—  addr=—
      округ=—  мкр=—  dev=—  desc=0c  (2 полей)

[114/231] Мой город (id=346, cian=8071) | ETA 7м14с
  ✅ фото=0  lat=—  addr=—
      округ=—  мкр=—  dev=—  desc=0c  (3 полей)

[115/231] Молодежный (id=462, cian=8671) | ETA 7м10с
  ✅ фото=0  lat=—  addr=—
      округ=—  мкр=—  dev=—  desc=0c  (2 полей)

[116/231] Молодежный 2 (id=307, cian=3888662) | ETA 7м7с
  ✅ фото=0  lat=—  addr=—
      округ=—  мкр=—  dev=—  desc=0c  (3 полей)

[117/231] Москва (id=420, cian=8332) | ETA 7м3с
  ✅ фото=0  lat=—  addr=—
      округ=—  мкр=—  dev=—  desc=0c  (2 полей)

[118/231] Московский (id=364, cian=2586) | ETA 7м60с
  ✅ фото=0  lat=—  addr=—
      округ=—  мкр=—  dev=—  desc=0c  (2 полей)

[119/231] Мост (id=334, cian=8373) | ETA 7м56с
  ✅ фото=0  lat=—  addr=—
      округ=—  мкр=—  dev=—  desc=0c  (3 полей)

[120/231] Мята (id=399, cian=1299398) | ETA 7м52с
  ✅ фото=0  lat=—  addr=—
      округ=—  мкр=—  dev=—  desc=0c  (2 полей)

[121/231] На Красных Партизан (id=412, cian=8200) | ETA 7м49с
  ✅ фото=0  lat=—  addr=—
      округ=—  мкр=—  dev=—  desc=0c  (2 полей)

[122/231] На Красных Партизан 2 (id=429, cian=48420) | ETA 7м45с
  ✅ фото=0  lat=—  addr=—
      округ=—  мкр=—  dev=—  desc=0c  (2 полей)

[123/231] На Магистральной (id=435, cian=8339) | ETA 7м41с
  ✅ фото=0  lat=—  addr=—
      округ=—  мкр=—  dev=—  desc=0c  (2 полей)

[124/231] На Шоссейной (id=452, cian=1258436) | ETA 7м38с
  ✅ фото=0  lat=—  addr=—
      округ=—  мкр=—  dev=—  desc=0c  (2 полей)

[125/231] На высоте (id=484, cian=42979) | ETA 7м34с
  ✅ фото=0  lat=—  addr=—
      округ=—  мкр=—  dev=—  desc=0c  (2 полей)

[126/231] Награда (id=433, cian=49484) | ETA 7м30с
  ✅ фото=0  lat=—  addr=—
      округ=—  мкр=—  dev=—  desc=0c  (2 полей)

[127/231] Народные Кварталы (id=210, cian=4769290) | ETA 6м26с
  ✅ фото=0  lat=—  addr=—
      округ=—  мкр=—  dev=—  desc=0c  (3 полей)

[128/231] Небо (id=217, cian=4056053) | ETA 6м23с
  ✅ фото=0  lat=—  addr=—
      округ=—  мкр=—  dev=—  desc=0c  (3 полей)

[129/231] Новая Адыгея (id=475, cian=8111) | ETA 6м19с
  ✅ фото=0  lat=—  addr=—
      округ=—  мкр=—  dev=—  desc=0c  (2 полей)

[130/231] Новые Сезоны 2 (id=212, cian=5735670) | ETA 6м16с
  🔄 Новая сессия (ротация IP прокси)
  ✅ фото=0  lat=—  addr=—
      округ=—  мкр=—  dev=—  desc=0c  (3 полей)

[131/231] Новые сезоны (id=372, cian=4033068) | ETA 6м12с
  ✅ фото=0  lat=—  addr=—
      округ=—  мкр=—  dev=—  desc=0c  (2 полей)

[132/231] Новый город (id=377, cian=8288) | ETA 6м8с
  ✅ фото=0  lat=—  addr=—
      округ=—  мкр=—  dev=—  desc=0c  (2 полей)

[133/231] Облака (id=345, cian=2323333) | ETA 6м4с
  ✅ фото=0  lat=—  addr=—
      округ=—  мкр=—  dev=—  desc=0c  (3 полей)

[134/231] Огурцы (id=289, cian=3810453) | ETA 6м1с
  ✅ фото=0  lat=—  addr=—
      округ=—  мкр=—  dev=—  desc=0c  (3 полей)

[135/231] Одесский (id=465, cian=8379) | ETA 6м57с
  ✅ фото=0  lat=—  addr=—
      округ=—  мкр=—  dev=—  desc=0c  (2 полей)

[136/231] Олимпийский (id=402, cian=507202) | ETA 6м53с
  ✅ фото=0  lat=—  addr=—
      округ=—  мкр=—  dev=—  desc=0c  (2 полей)

[137/231] Оникс (id=296, cian=23728) | ETA 6м49с
  ✅ фото=0  lat=—  addr=—
      округ=—  мкр=—  dev=—  desc=0c  (3 полей)

[138/231] Опера (id=281, cian=5403963) | ETA 6м46с
  ✅ фото=0  lat=—  addr=—
      округ=—  мкр=—  dev=—  desc=0c  (3 полей)

[139/231] Открытие (id=428, cian=50168) | ETA 6м42с
  ✅ фото=0  lat=—  addr=—
      округ=—  мкр=—  dev=—  desc=0c  (2 полей)

[140/231] Отрада (id=344, cian=1376875) | ETA 6м38с
  ✅ фото=0  lat=—  addr=—
      округ=—  мкр=—  dev=—  desc=0c  (3 полей)

[141/231] Отражение (id=299, cian=1840428) | ETA 6м34с
  ✅ фото=0  lat=—  addr=—
      округ=—  мкр=—  dev=—  desc=0c  (3 полей)

[142/231] Панорама (id=349, cian=7991) | ETA 6м30с
  ✅ фото=0  lat=—  addr=—
      округ=—  мкр=—  dev=—  desc=0c  (2 полей)

[143/231] Парк Победы (id=430, cian=1686651) | ETA 5м27с
  ✅ фото=0  lat=—  addr=—
      округ=—  мкр=—  dev=—  desc=0c  (2 полей)

[144/231] Парк Победы - 2 (id=322, cian=4145774) | ETA 5м23с
  ✅ фото=0  lat=—  addr=—
      округ=—  мкр=—  dev=—  desc=0c  (3 полей)

[145/231] Парк у дома (id=303, cian=4116764) | ETA 5м19с
  ✅ фото=0  lat=—  addr=—
      округ=—  мкр=—  dev=—  desc=0c  (3 полей)

[146/231] Парковый (id=286, cian=5724674) | ETA 5м15с
  ✅ фото=0  lat=—  addr=—
      округ=—  мкр=—  dev=—  desc=0c  (3 полей)

[147/231] Парус (id=396, cian=8192) | ETA 5м12с
  ✅ фото=0  lat=—  addr=—
      округ=—  мкр=—  dev=—  desc=0c  (2 полей)

[148/231] Парусная регата (id=383, cian=7188) | ETA 5м8с
  ✅ фото=0  lat=—  addr=—
      округ=—  мкр=—  dev=—  desc=0c  (2 полей)

[149/231] Патрики (id=315, cian=4126104) | ETA 5м4с
  ✅ фото=0  lat=—  addr=—
      округ=—  мкр=—  dev=—  desc=0c  (3 полей)

[150/231] Первое место (id=338, cian=4593370) | ETA 5м1с
  ✅ фото=0  lat=—  addr=—
      округ=—  мкр=—  dev=—  desc=0c  (3 полей)

[151/231] Первый (id=440, cian=8076) | ETA 5м57с
  ✅ фото=0  lat=—  addr=—
      округ=—  мкр=—  dev=—  desc=0c  (2 полей)

[152/231] Перекальского, д. 7 (id=676, cian=5766291) | ETA 5м53с
  ✅ фото=0  lat=—  addr=—
      округ=—  мкр=—  dev=—  desc=0c  (2 полей)

[153/231] Перспектива (id=350, cian=8285) | ETA 5м50с
  ✅ фото=0  lat=—  addr=—
      округ=—  мкр=—  dev=—  desc=0c  (2 полей)

[154/231] Портрет 2 (id=279, cian=5702936) | ETA 5м46с
  ✅ фото=0  lat=—  addr=—
      округ=—  мкр=—  dev=—  desc=0c  (3 полей)

[155/231] Почтовый (id=397, cian=7997) | ETA 5м42с
  ✅ фото=0  lat=—  addr=—
      округ=—  мкр=—  dev=—  desc=0c  (2 полей)

[156/231] Премьера (id=385, cian=8074) | ETA 5м38с
  ✅ фото=0  lat=—  addr=—
      округ=—  мкр=—  dev=—  desc=0c  (2 полей)

[157/231] Прима (id=230, cian=4703904) | ETA 5м35с
  ✅ фото=0  lat=—  addr=—
      округ=—  мкр=—  dev=—  desc=0c  (3 полей)

[158/231] Притяжение (id=424, cian=8313) | ETA 5м31с
  ✅ фото=0  lat=—  addr=—
      округ=—  мкр=—  dev=—  desc=0c  (2 полей)

[159/231] Просторный квартал «БОТАНИКА» (id=221, cian=5732423) | ETA 4м27с
  ✅ фото=0  lat=—  addr=—
      округ=—  мкр=—  dev=—  desc=0c  (3 полей)

[160/231] Радонеж (id=336, cian=8383) | ETA 4м23с
  ✅ фото=0  lat=—  addr=—
      округ=—  мкр=—  dev=—  desc=0c  (3 полей)

[161/231] Ракурс (id=366, cian=1659959) | ETA 4м20с
  ✅ фото=0  lat=—  addr=—
      округ=—  мкр=—  dev=—  desc=0c  (2 полей)

[162/231] Режиссёр (id=223, cian=4035243) | ETA 4м16с
  ✅ фото=0  lat=—  addr=—
      округ=—  мкр=—  dev=—  desc=0c  (3 полей)

[163/231] Рекорд (id=228, cian=8202) | ETA 4м12с
  ✅ фото=0  lat=—  addr=—
      округ=—  мкр=—  dev=—  desc=0c  (3 полей)

[164/231] Репин Парк (id=309, cian=4356353) | ETA 4м9с
  ✅ фото=0  lat=—  addr=—
      округ=—  мкр=—  dev=—  desc=0c  (3 полей)

[165/231] Репина (id=378, cian=8053) | ETA 4м5с
  ✅ фото=0  lat=—  addr=—
      округ=—  мкр=—  dev=—  desc=0c  (2 полей)

[166/231] Ривьера (id=444, cian=8271) | ETA 4м2с
  ✅ фото=0  lat=—  addr=—
      округ=—  мкр=—  dev=—  desc=0c  (2 полей)

[167/231] Ридз (id=218, cian=5513681) | ETA 4м58с
  ✅ фото=0  lat=—  addr=—
      округ=—  мкр=—  dev=—  desc=0c  (3 полей)

[168/231] Родной дом 2 (id=333, cian=44237) | ETA 4м54с
  ✅ фото=0  lat=—  addr=—
      округ=—  мкр=—  dev=—  desc=0c  (3 полей)

[169/231] Родные Просторы (id=337, cian=149559) | ETA 4м51с
  ✅ фото=0  lat=—  addr=—
      округ=—  мкр=—  dev=—  desc=0c  (3 полей)

[170/231] Рождественский (id=460, cian=2726) | ETA 4м47с
  ✅ фото=0  lat=—  addr=—
      округ=—  мкр=—  dev=—  desc=0c  (2 полей)

[171/231] Рокада (id=342, cian=4140063) | ETA 4м43с
  ✅ фото=0  lat=—  addr=—
      округ=—  мкр=—  dev=—  desc=0c  (3 полей)

[172/231] Россинский парк (id=347, cian=1524441) | ETA 4м39с
  ✅ фото=0  lat=—  addr=—
      округ=—  мкр=—  dev=—  desc=0c  (3 полей)

[173/231] Самолет (id=326, cian=353100) | ETA 4м36с
  ✅ фото=0  lat=—  addr=—
      округ=—  мкр=—  dev=—  desc=0c  (3 полей)

[174/231] Светлоград (id=352, cian=8094) | ETA 4м32с
  ✅ фото=0  lat=—  addr=—
      округ=—  мкр=—  dev=—  desc=0c  (2 полей)

[175/231] Свобода (id=376, cian=33666) | ETA 3м28с
  ✅ фото=0  lat=—  addr=—
      округ=—  мкр=—  dev=—  desc=0c  (2 полей)

[176/231] Седьмой континент (id=419, cian=8390) | ETA 3м25с
  ✅ фото=0  lat=—  addr=—
      округ=—  мкр=—  dev=—  desc=0c  (2 полей)

[177/231] Сердце (id=227, cian=47259) | ETA 3м21с
  ✅ фото=0  lat=—  addr=—
      округ=—  мкр=—  dev=—  desc=0c  (3 полей)

[178/231] Симфония (id=425, cian=8286) | ETA 3м17с
  ✅ фото=0  lat=—  addr=—
      округ=—  мкр=—  dev=—  desc=0c  (2 полей)

[179/231] Синема (id=358, cian=8416) | ETA 3м14с
  ✅ фото=0  lat=—  addr=—
      округ=—  мкр=—  dev=—  desc=0c  (2 полей)

[180/231] Сказка град (id=357, cian=44419) | ETA 3м10с
  ✅ фото=0  lat=—  addr=—
      округ=—  мкр=—  dev=—  desc=0c  (2 полей)

[181/231] Славянка (id=310, cian=8195) | ETA 3м6с
  ✅ фото=0  lat=—  addr=—
      округ=—  мкр=—  dev=—  desc=0c  (3 полей)

[182/231] Смоленский (id=361, cian=7994) | ETA 3м2с
  ✅ фото=0  lat=—  addr=—
      округ=—  мкр=—  dev=—  desc=0c  (2 полей)

[183/231] Смородина (id=290, cian=3427670) | ETA 3м59с
  ✅ фото=0  lat=—  addr=—
      округ=—  мкр=—  dev=—  desc=0c  (3 полей)

[184/231] Современник (id=389, cian=18580) | ETA 3м55с
  ✅ фото=0  lat=—  addr=—
      округ=—  мкр=—  dev=—  desc=0c  (2 полей)

[185/231] Сограт (id=410, cian=1252059) | ETA 3м51с
  ✅ фото=0  lat=—  addr=—
      округ=—  мкр=—  dev=—  desc=0c  (2 полей)

[186/231] Солнечный (id=381, cian=8001) | ETA 3м47с
  ✅ фото=0  lat=—  addr=—
      округ=—  мкр=—  dev=—  desc=0c  (2 полей)

[187/231] Солнечный город (id=448, cian=8380) | ETA 3м44с
  ✅ фото=0  lat=—  addr=—
      округ=—  мкр=—  dev=—  desc=0c  (2 полей)

[188/231] Солнечный парк (id=463, cian=8320) | ETA 3м40с
  ✅ фото=0  lat=—  addr=—
      округ=—  мкр=—  dev=—  desc=0c  (2 полей)

[189/231] Соловей (id=220, cian=5734028) | ETA 3м36с
  ✅ фото=0  lat=—  addr=—
      округ=—  мкр=—  dev=—  desc=0c  (3 полей)

[190/231] Спортивный (id=211, cian=3691411) | ETA 3м33с
  ✅ фото=0  lat=—  addr=—
      округ=—  мкр=—  dev=—  desc=0c  (3 полей)

[191/231] Спортивный парк (id=398, cian=31827) | ETA 2м29с
  ✅ фото=0  lat=—  addr=—
      округ=—  мкр=—  dev=—  desc=0c  (2 полей)

[192/231] Спутник (id=308, cian=3916459) | ETA 2м25с
  ✅ фото=0  lat=—  addr=—
      округ=—  мкр=—  dev=—  desc=0c  (3 полей)

[193/231] Ставропольский (id=395, cian=8193) | ETA 2м21с
  ✅ фото=0  lat=—  addr=—
      округ=—  мкр=—  dev=—  desc=0c  (2 полей)

[194/231] Стахановская (id=386, cian=24396) | ETA 2м18с
  ✅ фото=0  lat=—  addr=—
      округ=—  мкр=—  dev=—  desc=0c  (2 полей)

[195/231] ТВИН ПАРК (id=285, cian=5684751) | ETA 2м14с
  🔄 Новая сессия (ротация IP прокси)
  ✅ фото=0  lat=—  addr=—
      округ=—  мкр=—  dev=—  desc=0c  (3 полей)

[196/231] Талисман (id=480, cian=8429) | ETA 2м10с
  ✅ фото=0  lat=—  addr=—
      округ=—  мкр=—  dev=—  desc=0c  (2 полей)

[197/231] Теплые края (id=219, cian=4125219) | ETA 2м6с
  ✅ фото=0  lat=—  addr=—
      округ=—  мкр=—  dev=—  desc=0c  (3 полей)

[198/231] Территория счастья на Домбайской (id=481, cian=8108) | ETA 2м3с
  ✅ фото=0  lat=—  addr=—
      округ=—  мкр=—  dev=—  desc=0c  (2 полей)

[199/231] Традиции (id=287, cian=5680607) | ETA 2м59с
  ✅ фото=0  lat=—  addr=—
      округ=—  мкр=—  dev=—  desc=0c  (3 полей)

[200/231] Три кита (id=458, cian=8673) | ETA 2м55с
  ✅ фото=0  lat=—  addr=—
      округ=—  мкр=—  dev=—  desc=0c  (2 полей)

[201/231] Трио (id=450, cian=8461) | ETA 2м52с
  ✅ фото=0  lat=—  addr=—
      округ=—  мкр=—  dev=—  desc=0c  (2 полей)

[202/231] Тургенев (id=436, cian=8303) | ETA 2м48с
  ✅ фото=0  lat=—  addr=—
      округ=—  мкр=—  dev=—  desc=0c  (2 полей)

[203/231] Улыбка (id=327, cian=2228777) | ETA 2м44с
  ✅ фото=0  lat=—  addr=—
      округ=—  мкр=—  dev=—  desc=0c  (3 полей)

[204/231] Урал (id=216, cian=3683600) | ETA 2м40с
  ✅ фото=0  lat=—  addr=—
      округ=—  мкр=—  dev=—  desc=0c  (3 полей)

[205/231] Фамилия (id=414, cian=15622) | ETA 2м37с
  ✅ фото=0  lat=—  addr=—
      округ=—  мкр=—  dev=—  desc=0c  (2 полей)

[206/231] Флотилия (id=413, cian=9713) | ETA 2м33с
  ✅ фото=0  lat=—  addr=—
      округ=—  мкр=—  dev=—  desc=0c  (2 полей)

[207/231] Фонтаны (id=224, cian=8460) | ETA 1м29с
  ✅ фото=0  lat=—  addr=—
      округ=—  мкр=—  dev=—  desc=0c  (3 полей)

[208/231] Форма (id=208, cian=5571838) | ETA 1м26с
  ✅ фото=0  lat=—  addr=—
      округ=—  мкр=—  dev=—  desc=0c  (3 полей)

[209/231] Фруктовый сад (id=331, cian=4163686) | ETA 1м22с
  ✅ фото=0  lat=—  addr=—
      округ=—  мкр=—  dev=—  desc=0c  (3 полей)

[210/231] Хорошая погода (id=451, cian=3428187) | ETA 1м18с
  ✅ фото=0  lat=—  addr=—
      округ=—  мкр=—  dev=—  desc=0c  (2 полей)

[211/231] Цветы (id=371, cian=38623) | ETA 1м14с
  ✅ фото=0  lat=—  addr=—
      округ=—  мкр=—  dev=—  desc=0c  (2 полей)

[212/231] Центральный (id=455, cian=8457) | ETA 1м11с
  ✅ фото=0  lat=—  addr=—
      округ=—  мкр=—  dev=—  desc=0c  (2 полей)

[213/231] Цитрус (id=293, cian=5227926) | ETA 1м7с
  ✅ фото=0  lat=—  addr=—
      округ=—  мкр=—  dev=—  desc=0c  (3 полей)

[214/231] Черкасский (id=446, cian=5347969) | ETA 1м3с
  ✅ фото=0  lat=—  addr=—
      округ=—  мкр=—  dev=—  desc=0c  (2 полей)

[215/231] Элегант (id=390, cian=8304) | ETA 1м60с
  ✅ фото=0  lat=—  addr=—
      округ=—  мкр=—  dev=—  desc=0c  (2 полей)

[216/231] Эрмитаж (id=234, cian=4738647) | ETA 1м56с
  ✅ фото=0  lat=—  addr=—
      округ=—  мкр=—  dev=—  desc=0c  (3 полей)

[217/231] Эстет (id=329, cian=4200456) | ETA 1м52с
  ✅ фото=0  lat=—  addr=—
      округ=—  мкр=—  dev=—  desc=0c  (3 полей)

[218/231] ЮГГЕ (id=291, cian=3890564) | ETA 1м48с
  ✅ фото=0  lat=—  addr=—
      округ=—  мкр=—  dev=—  desc=0c  (3 полей)

[219/231] Южане (id=339, cian=23921) | ETA 1м45с
  ✅ фото=0  lat=—  addr=—
      округ=—  мкр=—  dev=—  desc=0c  (3 полей)

[220/231] Южная Звезда (id=314, cian=1259063) | ETA 1м41с
  ✅ фото=0  lat=—  addr=—
      округ=—  мкр=—  dev=—  desc=0c  (3 полей)

[221/231] Южная мечта (id=335, cian=4602661) | ETA 1м37с
  ✅ фото=0  lat=—  addr=—
      округ=—  мкр=—  dev=—  desc=0c  (3 полей)

[222/231] Яблоновский (id=478, cian=8002) | ETA 1м33с
  ✅ фото=0  lat=—  addr=—
      округ=—  мкр=—  dev=—  desc=0c  (2 полей)

[223/231] Янтарный 3 (id=426, cian=49290) | ETA 0м30с
  ✅ фото=0  lat=—  addr=—
      округ=—  мкр=—  dev=—  desc=0c  (2 полей)

[224/231] квартал бизнес-класса САМОЛЁТ 7 (id=328, cian=5535273) | ETA 0м26с
  ✅ фото=0  lat=—  addr=—
      округ=—  мкр=—  dev=—  desc=0c  (3 полей)

[225/231] по ул. Черняховского, 52А (id=668, cian=3832381) | ETA 0м22с
  ✅ фото=0  lat=—  addr=—
      округ=—  мкр=—  dev=—  desc=0c  (2 полей)

[226/231] по ул. Шоссейная (id=468, cian=44298) | ETA 0м19с
  ✅ фото=0  lat=—  addr=—
      округ=—  мкр=—  dev=—  desc=0c  (2 полей)

[227/231] пр. Константина Образцова (id=445, cian=2721) | ETA 0м15с
  ✅ фото=0  lat=—  addr=—
      округ=—  мкр=—  dev=—  desc=0c  (2 полей)

[228/231] ул. Автолюбителей (id=401, cian=8554) | ETA 0м11с
  ✅ фото=0  lat=—  addr=—
      округ=—  мкр=—  dev=—  desc=0c  (2 полей)

[229/231] ул. Дальняя (id=409, cian=8057) | ETA 0м7с
  ✅ фото=0  lat=—  addr=—
      округ=—  мкр=—  dev=—  desc=0c  (2 полей)

[230/231] ул. Есаульская (id=407, cian=15074) | ETA 0м4с
  ✅ фото=0  lat=—  addr=—
      округ=—  мкр=—  dev=—  desc=0c  (2 полей)

[231/231] ул. Октябрьская, 181/2 (id=392, cian=8055) | ETA 0м0с
  ✅ фото=0  lat=—  addr=—
      округ=—  мкр=—  dev=—  desc=0c  (2 полей)

════════════════════════════════════════════════════════════
Итого: ✅231  ❌0  ⏭️0  из 231 ЖК  за 14.4 мин

✅ Процесс завершён (код 0)

🔄 АВТО: запускаем разбор адресов (parse_cian_addresses.py)...
Processing 271 complexes (city_id=1)...


✅ Updated: 271, Errors: 0

── Fill-rate ──────────────────────────────────────────
  has_region                    : 75
  has_city                      : 360
  has_district                  : 40
  has_quarter                   : 71
  has_street                    : 379
  has_house                     : 171
  total                         : 495
✅ Разбор адресов завершён (код 0)

🔄 АВТО: синхронизируем адреса квартир (propagate_rc_address.py)...
WARNING: TELEGRAM_BOT_TOKEN not set - Telegram notifications will be disabled
TELEGRAM_BOT_TOKEN not found
2026-06-19 09:19:56,850 - INFO - Security configuration initialized:
2026-06-19 09:19:56,850 - INFO -   ✅ Rate Limiting: Active
2026-06-19 09:19:56,850 - INFO -   ✅ CSRF Protection: Active
2026-06-19 09:19:56,850 - INFO -   ✅ Security Headers: Active
2026-06-19 09:19:56,850 - INFO -   ✅ XSS Protection: Active
2026-06-19 09:19:56,850 - INFO -   ✅ Clickjacking Protection: Active
2026-06-19 09:19:56,850 - INFO -   ✅ SQL Injection Protection: Active (SQLAlchemy ORM)
✅ Advanced security features initialized successfully
Database tables created successfully!
2026-06-19 09:19:58,989 - DEBUG - /etc/localtime found
2026-06-19 09:19:58,991 - DEBUG - No explicit setting existed. Use localtime
2026-06-19 09:19:58,991 - INFO - Adding job tentatively -- it will be properly scheduled when the scheduler starts
2026-06-19 09:19:58,992 - INFO - Adding job tentatively -- it will be properly scheduled when the scheduler starts
2026-06-19 09:19:58,992 - INFO - Adding job tentatively -- it will be properly scheduled when the scheduler starts
2026-06-19 09:19:58,992 - INFO - Adding job tentatively -- it will be properly scheduled when the scheduler starts
2026-06-19 09:19:58,992 - INFO - Adding job tentatively -- it will be properly scheduled when the scheduler starts
2026-06-19 09:19:58,992 - INFO - Adding job tentatively -- it will be properly scheduled when the scheduler starts
2026-06-19 09:19:58,992 - INFO - Adding job tentatively -- it will be properly scheduled when the scheduler starts
2026-06-19 09:19:58,993 - INFO - Adding job tentatively -- it will be properly scheduled when the scheduler starts
2026-06-19 09:19:58,993 - INFO - Adding job tentatively -- it will be properly scheduled when the scheduler starts
2026-06-19 09:19:58,993 - INFO - Adding job tentatively -- it will be properly scheduled when the scheduler starts
2026-06-19 09:19:58,993 - INFO - Adding job tentatively -- it will be properly scheduled when the scheduler starts
2026-06-19 09:19:58,993 - INFO - Adding job tentatively -- it will be properly scheduled when the scheduler starts
2026-06-19 09:19:58,993 - INFO - Adding job tentatively -- it will be properly scheduled when the scheduler starts
2026-06-19 09:19:58,993 - INFO - Adding job tentatively -- it will be properly scheduled when the scheduler starts
2026-06-19 09:19:58,993 - INFO - Adding job tentatively -- it will be properly scheduled when the scheduler starts
2026-06-19 09:19:58,993 - INFO - Adding job tentatively -- it will be properly scheduled when the scheduler starts
2026-06-19 09:19:58,993 - INFO - Adding job tentatively -- it will be properly scheduled when the scheduler starts
2026-06-19 09:19:58,994 - INFO - Adding job tentatively -- it will be properly scheduled when the scheduler starts
2026-06-19 09:19:58,994 - INFO - Adding job tentatively -- it will be properly scheduled when the scheduler starts
2026-06-19 09:19:58,994 - INFO - ⏸️  APScheduler skipped - Set ENABLE_SCHEDULER=true to run background jobs
Propagating RC address → properties (force=False, city=1) ...
  parsed_area updated:       0
  parsed_settlement updated: 0
  parsed_street updated:     0
  parsed_city updated:       0

Final coverage:
  Окrug  (parsed_area):       6109/65380 (9%)
  Мкр    (parsed_settlement): 2840/65380 (4%)
  Улица  (parsed_street):     58113/65380 (88%)
Done.
✅ Синхронизация адресов завершена (код 0)
