🗑️  Кэш города 10 удалён: .enrich_cache_city10.json
==============================================================
🏙️  Город:    Белгород (city_id=10)
🗺️  CIAN:     region_id=4590  | страниц≤20
⚙️  Режим:    Полный прогон
🔄  Кэш:     сброшен — полный сбор с нуля
==============================================================
🚀 enrich_complexes.py: main() запущен | mode=full | city_id=10 | proxy=нет | pid=3054
============================================================
🏗️  Пайплайн: 90 ЖК в БД | Белгород
============================================================
  (Шаг 1: Нет кэша — запускаем поиск)

📡 Шаг 1: Сбор данных из ЦИАН (до 20 стр. × 6 групп)...
  [все     ] начинаю...
  [все     ] стр.1: пусто (блокировка или нет данных)
  [все     ] ✅ +  0 ЖК  +   0 квартир → итого: 0 ЖК, 0 квартир
  [студии  ] начинаю...
  [студии  ] стр.1: пусто (блокировка или нет данных)
  [студии  ] ✅ +  0 ЖК  +   0 квартир → итого: 0 ЖК, 0 квартир
  [1к      ] начинаю...
  [1к      ] стр.1: пусто (блокировка или нет данных)
  [1к      ] ✅ +  0 ЖК  +   0 квартир → итого: 0 ЖК, 0 квартир
  [2к      ] начинаю...
  [2к      ] стр.1: пусто (блокировка или нет данных)
  [2к      ] ✅ +  0 ЖК  +   0 квартир → итого: 0 ЖК, 0 квартир
  [3к      ] начинаю...
  [3к      ] стр.1: пусто (блокировка или нет данных)
  [3к      ] ✅ +  0 ЖК  +   0 квартир → итого: 0 ЖК, 0 квартир
  [4к+     ] начинаю...
  [4к+     ] стр.1: пусто (блокировка или нет данных)
  [4к+     ] ✅ +  0 ЖК  +   0 квартир → итого: 0 ЖК, 0 квартир

  ✅ Собрано: 0 ЖК, 0 квартир

  ⚠️  flatsale-запрос дал 0 ЖК — пробуем fallback (newobjectsale)...

📡 Шаг 1 (fallback): Сбор ЖК через newobjectsale (до 20 стр.)...
  стр.1: 28 ЖК найдено, итого: 28
  стр.2: 28 ЖК найдено, итого: 56
  стр.3: 28 ЖК найдено, итого: 84
  стр.4: 28 ЖК найдено, итого: 112
  стр.5: 28 ЖК найдено, итого: 140
  стр.6: 28 ЖК найдено, итого: 168
  стр.7: 28 ЖК найдено, итого: 196
  стр.8: 28 ЖК найдено, итого: 224
  стр.9: 28 ЖК найдено, итого: 252
  стр.10: 28 ЖК найдено, итого: 280
  стр.11: 28 ЖК найдено, итого: 308
  стр.12: 16 ЖК найдено, итого: 324
  стр.13: пусто — стоп

  ✅ Fallback собрал: 324 ЖК (квартиры: 0 — используем скрапинг страниц ЖК)

🔭 Шаг 0: Дополнительный поиск ЖК (newobject)...
    стр.13: пусто — стоп
  ✅ Все ЖК уже найдены через поиск квартир

🏘️  Шаг 1b: Анализ сегментов (регион+тип+цена)...
  Сегментов: 6 всего, 0 уже готово, 6 к обработке
  [ 1/6] все                    +   0 кв (0стр, ожид.0, получ.?)
  [ 2/6] студии                 +   0 кв (0стр, ожид.0, получ.?)
  [ 3/6] 1к                     +   0 кв (0стр, ожид.0, получ.?)
  [ 4/6] 2к                     +   0 кв (0стр, ожид.0, получ.?)
  [ 5/6] 3к                     +   0 кв (0стр, ожид.0, получ.?)
  [ 6/6] 4к+                    +   0 кв (0стр, ожид.0, получ.?)

  ✅ Phase 1b: +0 новых квартир  |  итого 0 уникальных

🌐 Шаг 2: Скрапинг страниц ЖК (+ литеры/корпуса/планировки)...
  Осталось скрапить: 324 (в кэше: 0)

  ❌ БЛОКИРОВКА ЦИАН: ваш IP заблокирован для веб-скрапинга!
     Статус: 200 | Длина ответа: 576579 байт
     Причина: ЦИАН вернул страницу капчи

  ┌─────────────────────────────────────────────────────────┐
  │  Решения:                                               │
  │  1. Запустите скрипт с локальной машины / VPS           │
  │  2. Настройте прокси:                                   │
  │     a) env: ENRICH_PROXY=http://user:pass@host:port     │
  │     b) файл scripts/.enrich_settings.json:              │
  │        {"proxy_url": "http://user:pass@host:port"}      │
  └─────────────────────────────────────────────────────────┘

  ⏭️  Шаг 2 пропущен. Квартиры будут пустыми до решения проблемы с IP.

🏢 Шаг 1c: Поголовный сбор по корпусам...
  ЖК: 0, корпусов: 0, ожидается квартир: 0
  ✅ Phase 1c завершена: 0 новых квартир из 0 корпусов

👤 Шаг 3: Скрапинг застройщиков...
  Застройщиков: 0 (в кэше: 0)

💾 Шаг 4: Обновление БД...
  ⏭️  Спортивный: нет данных CIAN
  ⏭️  Апрельский: нет данных CIAN
  ⏭️  Фаворит, литер 2: нет данных CIAN
  ⏭️  Кооперативный 2: нет данных CIAN
  ⏭️  по ул. Чайковского, 40: нет данных CIAN
  ⏭️  Альфа Центавра: нет данных CIAN
  ⏭️  Мкр. Просторный: нет данных CIAN
  ⏭️  Бета Центавра: нет данных CIAN
  ⏭️  Вознесенский: нет данных CIAN
  ⏭️  Новая Дерябиха 3: нет данных CIAN
  ⏭️  Кооперативный: нет данных CIAN
  ⏭️  Левитан: нет данных CIAN
  ⏭️  по ул. Парижской Коммуны, 55: нет данных CIAN
  ⏭️  Модерн: нет данных CIAN
  ⏭️  Московский: нет данных CIAN
  ⏭️  Самоцветы: нет данных CIAN
  ⏭️  Кооперативный 3: нет данных CIAN
  ⏭️  Ильинский: нет данных CIAN
  ⏭️  Майские зори 2: нет данных CIAN
  ⏭️  по ул. Парижской Коммуны, 51: нет данных CIAN
  ⏭️  Майские Зори-4: нет данных CIAN
  ⏭️  Олимпийский: нет данных CIAN
  ⏭️  Континент-5: нет данных CIAN
  ⏭️  Чайковский 2: нет данных CIAN
  ⏭️  Дельта Центавра: нет данных CIAN
  ⏭️  Легенда: нет данных CIAN
  ⏭️  Ледовый парк: нет данных CIAN
  ⏭️  Микрорайон Видный: нет данных CIAN
  ⏭️  Статус-2: нет данных CIAN
  ⏭️  Гвардейский: нет данных CIAN
  ⏭️  Комфорт на Парижке: нет данных CIAN
  ⏭️  Успенский: нет данных CIAN
  ⏭️  Защитник: нет данных CIAN
  ⏭️  Капучино: нет данных CIAN
  ⏭️  Иволга: нет данных CIAN
  ⏭️  Звездный: нет данных CIAN
  ⏭️  Дружба: нет данных CIAN
  ⏭️  Огнеборец: нет данных CIAN
  ⏭️  Юбилейный: нет данных CIAN
  ⏭️  Манифест: нет данных CIAN
  ⏭️  Авангард: нет данных CIAN
  ⏭️  Мкр. Новая Ильинка 3: нет данных CIAN
  ⏭️  по ул. Постышева, 65: нет данных CIAN
  ⏭️  по ул. Дюковская, 25: нет данных CIAN
  ⏭️  по ул. 10 Августа: нет данных CIAN
  ⏭️  по ул. 2-я Чапаева: нет данных CIAN
  ⏭️  Янтарь 2: нет данных CIAN
  ⏭️  Сосневский: нет данных CIAN
  ⏭️  по ул. Фрунзе: нет данных CIAN
  ⏭️  Панорама: нет данных CIAN
  ⏭️  Новые Черемушки: нет данных CIAN
  ⏭️  Чайковский: нет данных CIAN
  ⏭️  Апартаменты на ул. Батурина: нет данных CIAN
  ⏭️  по ул. Наумова, 5: нет данных CIAN
  ⏭️  по пер. 1-й Рабфаковский: нет данных CIAN
  ⏭️  по ул. Колотилова: нет данных CIAN
  ⏭️  Южный 2: нет данных CIAN
  ⏭️  Троицкий: нет данных CIAN
  ⏭️  по ул. Зверева: нет данных CIAN
  ⏭️  Театральный: нет данных CIAN
  ⏭️  Бакинский проезд: нет данных CIAN
  ⏭️  Высотка на Зеленой: нет данных CIAN
  ⏭️  по ул. Менделеева, 28: нет данных CIAN
  ⏭️  Иван да Марья: нет данных CIAN
  ⏭️  по ул. Б. Хмельницкого, 40: нет данных CIAN
  ⏭️  по ул. Свободы: нет данных CIAN
  ⏭️  Добролюбово: нет данных CIAN
  ⏭️  по ул. Кудряшова: нет данных CIAN
  ⏭️  Центральный: нет данных CIAN
  ⏭️  по ул. Лежневская, 213: нет данных CIAN
  ⏭️  по ул. Московская, 62: нет данных CIAN
  ⏭️  Академический: нет данных CIAN
  ⏭️  Аристократ-2: нет данных CIAN
  ⏭️  Белка и Стрелка: нет данных CIAN
  ⏭️  Майский: нет данных CIAN
  ⏭️  Каскад: нет данных CIAN
  ⏭️  по ул. Ермака: нет данных CIAN
  ⏭️  Шереметьевская миля: нет данных CIAN
  ⏭️  по ул. Почтовая: нет данных CIAN
  ⏭️  Солнечный: нет данных CIAN
  ⏭️  мкр. Рождественский: нет данных CIAN
  ⏭️  Новая Дерябиха 2: нет данных CIAN
  ⏭️  На Школьной: нет данных CIAN
  ⏭️  Георгиевский: нет данных CIAN
  ⏭️  ул. 2-я Лежневская: нет данных CIAN
  ⏭️  Возрождение: нет данных CIAN
  ⏭️  Кузнецова, 97-97а: нет данных CIAN
  ⏭️  1-я Запрудная, 22: нет данных CIAN
  ⏭️  по ул. Красных зорь, 8: нет данных CIAN
  ⏭️  Престиж Комфорт: нет данных CIAN

🏠 Шаг 4c: пропущен — квартиры уже записаны в БД через Phase 1b/1c

📊 Снапшот цен ЖК...

📍 Шаг 4e: Геокодинг ЖК...
  📍 Геокодировано ЖК: 0 (из координат квартир)

============================================================
✅ Готово!
   ЖК обновлено:  0
   ЖК новых:      0
   Литеров:       0
   Квартир в базе:1299 (новых:0, обновл:0)
   Застройщиков:  0
   Геокодировано: 0 ЖК
============================================================

🧹 Запуск cleanup_vanished_properties (city_id=10, days=7)...
WARNING: TELEGRAM_BOT_TOKEN not set - Telegram notifications will be disabled
TELEGRAM_BOT_TOKEN not found
ℹ️  Sentry disabled (SENTRY_DSN not set)
✅ Advanced security features initialized successfully
Database tables created successfully!

