ℹ️  Прокси не настроен — прямой доступ
🏙️  Город: Сочи | cache JKs: 0

🔍 ЖК для обработки: 96
════════════════════════════════════════════════════════════

[1/96] CASABLANKA (Касабланка) (id=573, cian=49920) | ETA 0м0с
  🔄 Новая сессия (ротация IP прокси)
  ℹ️  city_id не обновляю (страница не содержит данных ЖК — вероятно, soft-block)
  ✅ фото=0  lat=—  addr=—
      округ=—  мкр=—  dev=—  desc=0c  (2 полей)

[2/96] Flavium - Luciano (Флавиум Лучиано) (id=492, cian=4296440) | ETA 3м5с
  ℹ️  city_id не обновляю (страница не содержит данных ЖК — вероятно, soft-block)
  ✅ фото=0  lat=—  addr=—
      округ=—  мкр=—  dev=—  desc=0c  (3 полей)

[3/96] Green Palace (Грин Палас) (id=588, cian=27798) | ETA 4м48с
  ℹ️  city_id не обновляю (страница не содержит данных ЖК — вероятно, soft-block)
  ✅ фото=0  lat=—  addr=—
      округ=—  мкр=—  dev=—  desc=0c  (2 полей)

[4/96] Green Sail (Грин Сэйл) (id=568, cian=18095) | ETA 4м7с
  ℹ️  city_id не обновляю (страница не содержит данных ЖК — вероятно, soft-block)
  ✅ фото=0  lat=—  addr=—
      округ=—  мкр=—  dev=—  desc=0c  (2 полей)

[5/96] LeePrime Residence (id=496, cian=5761182) | ETA 4м26с
  ℹ️  city_id не обновляю (страница не содержит данных ЖК — вероятно, soft-block)
  ✅ фото=0  lat=—  addr=—
      округ=—  мкр=—  dev=—  desc=0c  (3 полей)

[6/96] Livingston (Ливингстон) (id=486, cian=4271501) | ETA 5м38с
  ℹ️  city_id не обновляю (страница не содержит данных ЖК — вероятно, soft-block)
  ✅ фото=0  lat=—  addr=—
      округ=—  мкр=—  dev=—  desc=0c  (3 полей)

[7/96] Marine Garden Sochi (Маринэ Гарден Сочи) (id=511, cian=4228438) | ETA 5м39с
  ℹ️  city_id не обновляю (страница не содержит данных ЖК — вероятно, soft-block)
  ✅ фото=0  lat=—  addr=—
      округ=—  мкр=—  dev=—  desc=0c  (3 полей)

[8/96] Olivia (Оливия) (id=493, cian=4208575) | ETA 5м38с
  ℹ️  city_id не обновляю (страница не содержит данных ЖК — вероятно, soft-block)
  ✅ фото=0  lat=—  addr=—
      округ=—  мкр=—  dev=—  desc=0c  (3 полей)

[9/96] Sydney (Сидней) (id=571, cian=4180204) | ETA 5м42с
  ℹ️  city_id не обновляю (страница не содержит данных ЖК — вероятно, soft-block)
  ✅ фото=0  lat=—  addr=—
      округ=—  мкр=—  dev=—  desc=0c  (2 полей)

[10/96] Volna Residences (Волна Резиденс) (id=489, cian=3974775) | ETA 5м41с
  ℹ️  city_id не обновляю (страница не содержит данных ЖК — вероятно, soft-block)
  ✅ фото=0  lat=—  addr=—
      округ=—  мкр=—  dev=—  desc=0c  (3 полей)

[11/96] Адлер (id=598, cian=45483) | ETA 5м38с
  ℹ️  city_id не обновляю (страница не содержит данных ЖК — вероятно, soft-block)
  ✅ фото=0  lat=—  addr=—
      округ=—  мкр=—  dev=—  desc=0c  (2 полей)

[12/96] Александрийский Маяк (id=595, cian=2948) | ETA 5м36с
  ℹ️  city_id не обновляю (страница не содержит данных ЖК — вероятно, soft-block)
  ✅ фото=0  lat=—  addr=—
      округ=—  мкр=—  dev=—  desc=0c  (2 полей)

[13/96] Аллея Парк (id=602, cian=1251435) | ETA 5м39с
  ℹ️  city_id не обновляю (страница не содержит данных ЖК — вероятно, soft-block)
  ✅ фото=0  lat=—  addr=—
      округ=—  мкр=—  dev=—  desc=0c  (2 полей)

[14/96] Альпийский квартал (id=548, cian=49977) | ETA 5м38с
  ℹ️  city_id не обновляю (страница не содержит данных ЖК — вероятно, soft-block)
  ✅ фото=0  lat=—  addr=—
      округ=—  мкр=—  dev=—  desc=0c  (2 полей)

[15/96] Альпика (id=608, cian=6995) | ETA 5м35с
  ℹ️  city_id не обновляю (страница не содержит данных ЖК — вероятно, soft-block)
  ✅ фото=0  lat=—  addr=—
      округ=—  мкр=—  dev=—  desc=0c  (2 полей)

[16/96] Альпика 17 (id=575, cian=42356) | ETA 5м33с
  ℹ️  city_id не обновляю (страница не содержит данных ЖК — вероятно, soft-block)
  ✅ фото=0  lat=—  addr=—
      округ=—  мкр=—  dev=—  desc=0c  (2 полей)

[17/96] Ангара (id=609, cian=15852) | ETA 5м32с
  ℹ️  city_id не обновляю (страница не содержит данных ЖК — вероятно, soft-block)
  ✅ фото=0  lat=—  addr=—
      округ=—  мкр=—  dev=—  desc=0c  (2 полей)

[18/96] Аркадия (id=513, cian=4186565) | ETA 4м28с
  ℹ️  city_id не обновляю (страница не содержит данных ЖК — вероятно, soft-block)
  ✅ фото=0  lat=—  addr=—
      округ=—  мкр=—  dev=—  desc=0c  (3 полей)

[19/96] Барселона Парк (id=584, cian=15979) | ETA 4м27с
  ℹ️  city_id не обновляю (страница не содержит данных ЖК — вероятно, soft-block)
  ✅ фото=0  lat=—  addr=—
      округ=—  мкр=—  dev=—  desc=0c  (2 полей)

[20/96] Белые Ночи (id=505, cian=5708382) | ETA 4м23с
  ℹ️  city_id не обновляю (страница не содержит данных ЖК — вероятно, soft-block)
  ✅ фото=0  lat=—  addr=—
      округ=—  мкр=—  dev=—  desc=0c  (3 полей)

[21/96] Белый Дворец (White Palace) (id=587, cian=15389) | ETA 4м21с
  ℹ️  city_id не обновляю (страница не содержит данных ЖК — вероятно, soft-block)
  ✅ фото=0  lat=—  addr=—
      округ=—  мкр=—  dev=—  desc=0c  (2 полей)

[22/96] Благодатный (id=567, cian=15744) | ETA 4м19с
  ℹ️  city_id не обновляю (страница не содержит данных ЖК — вероятно, soft-block)
  ✅ фото=0  lat=—  addr=—
      округ=—  мкр=—  dev=—  desc=0c  (2 полей)

[23/96] Виктория (id=564, cian=15851) | ETA 4м15с
  ℹ️  city_id не обновляю (страница не содержит данных ЖК — вероятно, soft-block)
  ✅ фото=0  lat=—  addr=—
      округ=—  мкр=—  dev=—  desc=0c  (2 полей)

[24/96] Волжский 2 (id=590, cian=14792) | ETA 4м11с
  ℹ️  city_id не обновляю (страница не содержит данных ЖК — вероятно, soft-block)
  ✅ фото=0  lat=—  addr=—
      округ=—  мкр=—  dev=—  desc=0c  (2 полей)

[25/96] Волна (id=604, cian=2980) | ETA 4м7с
  ℹ️  city_id не обновляю (страница не содержит данных ЖК — вероятно, soft-block)
  ✅ фото=0  lat=—  addr=—
      округ=—  мкр=—  dev=—  desc=0c  (2 полей)

[26/96] Гармония 4 (id=547, cian=605002) | ETA 4м5с
  ℹ️  city_id не обновляю (страница не содержит данных ЖК — вероятно, soft-block)
  ✅ фото=0  lat=—  addr=—
      округ=—  мкр=—  dev=—  desc=0c  (2 полей)

[27/96] Голубые дали (id=594, cian=18140) | ETA 4м2с
  ℹ️  city_id не обновляю (страница не содержит данных ЖК — вероятно, soft-block)
  ✅ фото=0  lat=—  addr=—
      округ=—  мкр=—  dev=—  desc=0c  (2 полей)

[28/96] Горный Квартал (id=485, cian=4060335) | ETA 4м60с
  ℹ️  city_id не обновляю (страница не содержит данных ЖК — вероятно, soft-block)
  ✅ фото=0  lat=—  addr=—
      округ=—  мкр=—  dev=—  desc=0c  (3 полей)

[29/96] Горный-5 (id=601, cian=13865) | ETA 4м56с
  ℹ️  city_id не обновляю (страница не содержит данных ЖК — вероятно, soft-block)
  ✅ фото=0  lat=—  addr=—
      округ=—  мкр=—  dev=—  desc=0c  (2 полей)

[30/96] Гостиничный комплекс CHALET DELUXE (id=500, cian=5554392) | ETA 4м52с
  ℹ️  city_id не обновляю (страница не содержит данных ЖК — вероятно, soft-block)
  ✅ фото=0  lat=—  addr=—
      округ=—  мкр=—  dev=—  desc=0c  (3 полей)

[31/96] Гостиничный комплекс ROYAL BEACH (id=501, cian=5047917) | ETA 4м49с
  ℹ️  city_id не обновляю (страница не содержит данных ЖК — вероятно, soft-block)
  ✅ фото=0  lat=—  addr=—
      округ=—  мкр=—  dev=—  desc=0c  (3 полей)

[32/96] Гостиничный комплекс «Greenmont» (id=504, cian=3910504) | ETA 4м46с
  ℹ️  city_id не обновляю (страница не содержит данных ЖК — вероятно, soft-block)
  ✅ фото=0  lat=—  addr=—
      округ=—  мкр=—  dev=—  desc=0c  (3 полей)

[33/96] Гостиничный комплекс «СКАЙВИЛЬ» (id=490, cian=5227864) | ETA 4м43с
  ℹ️  city_id не обновляю (страница не содержит данных ЖК — вероятно, soft-block)
  ✅ фото=0  lat=—  addr=—
      округ=—  мкр=—  dev=—  desc=0c  (3 полей)

[34/96] Гранд Каскад (id=506, cian=4022982) | ETA 4м40с
  ℹ️  city_id не обновляю (страница не содержит данных ЖК — вероятно, soft-block)
  ✅ фото=0  lat=—  addr=—
      округ=—  мкр=—  dev=—  desc=0c  (3 полей)

[35/96] Звезда (id=577, cian=596135) | ETA 4м38с
  ℹ️  city_id не обновляю (страница не содержит данных ЖК — вероятно, soft-block)
  ✅ фото=0  lat=—  addr=—
      округ=—  мкр=—  dev=—  desc=0c  (2 полей)

[36/96] Золотой колос (id=600, cian=15742) | ETA 4м36с
  ℹ️  city_id не обновляю (страница не содержит данных ЖК — вероятно, soft-block)
  ✅ фото=0  lat=—  addr=—
      округ=—  мкр=—  dev=—  desc=0c  (2 полей)

[37/96] Каньон 2 (id=550, cian=15903) | ETA 4м32с
  ℹ️  city_id не обновляю (страница не содержит данных ЖК — вероятно, soft-block)
  ✅ фото=0  lat=—  addr=—
      округ=—  мкр=—  dev=—  desc=0c  (2 полей)

[38/96] Каньон 3 (id=562, cian=15906) | ETA 3м28с
  ℹ️  city_id не обновляю (страница не содержит данных ЖК — вероятно, soft-block)
  ✅ фото=0  lat=—  addr=—
      округ=—  мкр=—  dev=—  desc=0c  (2 полей)

[39/96] Каравелла Португалии (id=592, cian=8773) | ETA 3м25с
  ℹ️  city_id не обновляю (страница не содержит данных ЖК — вероятно, soft-block)
  ✅ фото=0  lat=—  addr=—
      округ=—  мкр=—  dev=—  desc=0c  (2 полей)

[40/96] Карат Апартментс (Karat Apartments) (id=581, cian=6641) | ETA 3м22с
  ℹ️  city_id не обновляю (страница не содержит данных ЖК — вероятно, soft-block)
  ✅ фото=0  lat=—  addr=—
      округ=—  мкр=—  dev=—  desc=0c  (2 полей)

[41/96] Кватро (id=599, cian=49929) | ETA 3м19с
  ℹ️  city_id не обновляю (страница не содержит данных ЖК — вероятно, soft-block)
  ✅ фото=0  lat=—  addr=—
      округ=—  мкр=—  dev=—  desc=0c  (2 полей)

[42/96] Кислород (id=491, cian=3071944) | ETA 3м15с
  ℹ️  city_id не обновляю (страница не содержит данных ЖК — вероятно, soft-block)
  ✅ фото=0  lat=—  addr=—
      округ=—  мкр=—  dev=—  desc=0c  (3 полей)

[43/96] Континент (id=607, cian=41032) | ETA 3м12с
  ℹ️  city_id не обновляю (страница не содержит данных ЖК — вероятно, soft-block)
  ✅ фото=0  lat=—  addr=—
      округ=—  мкр=—  dev=—  desc=0c  (2 полей)

[44/96] Королевский парк (id=582, cian=7217) | ETA 3м9с
  ℹ️  city_id не обновляю (страница не содержит данных ЖК — вероятно, soft-block)
  ✅ фото=0  lat=—  addr=—
      округ=—  мкр=—  dev=—  desc=0c  (2 полей)

[45/96] Красная Площадь (id=554, cian=2963) | ETA 3м5с
  ℹ️  city_id не обновляю (страница не содержит данных ЖК — вероятно, soft-block)
  ✅ фото=0  lat=—  addr=—
      округ=—  мкр=—  dev=—  desc=0c  (2 полей)

[46/96] Крокус (id=572, cian=15537) | ETA 3м2с
  ℹ️  city_id не обновляю (страница не содержит данных ЖК — вероятно, soft-block)
  ✅ фото=0  lat=—  addr=—
      округ=—  мкр=—  dev=—  desc=0c  (2 полей)

[47/96] Крымский (id=558, cian=47960) | ETA 3м58с
  ℹ️  city_id не обновляю (страница не содержит данных ЖК — вероятно, soft-block)
  ✅ фото=0  lat=—  addr=—
      округ=—  мкр=—  dev=—  desc=0c  (2 полей)

[48/96] Лазаревское (id=569, cian=8575) | ETA 3м54с
  ℹ️  city_id не обновляю (страница не содержит данных ЖК — вероятно, soft-block)
  ✅ фото=0  lat=—  addr=—
      округ=—  мкр=—  dev=—  desc=0c  (2 полей)

[49/96] Лестория (id=494, cian=4414402) | ETA 3м51с
  ℹ️  city_id не обновляю (страница не содержит данных ЖК — вероятно, soft-block)
  ✅ фото=0  lat=—  addr=—
      округ=—  мкр=—  dev=—  desc=0c  (3 полей)

[50/96] Летний (id=589, cian=1500519) | ETA 3м48с
  ℹ️  city_id не обновляю (страница не содержит данных ЖК — вероятно, soft-block)
  ✅ фото=0  lat=—  addr=—
      округ=—  мкр=—  dev=—  desc=0c  (2 полей)

[51/96] Лучезарный (id=579, cian=50478) | ETA 3м44с
  ℹ️  city_id не обновляю (страница не содержит данных ЖК — вероятно, soft-block)
  ✅ фото=0  lat=—  addr=—
      округ=—  мкр=—  dev=—  desc=0c  (2 полей)

[52/96] МАНДАРИН ГАРДЕН (id=487, cian=5716404) | ETA 3м41с
  ℹ️  city_id не обновляю (страница не содержит данных ЖК — вероятно, soft-block)
  ✅ фото=0  lat=—  addr=—
      округ=—  мкр=—  dev=—  desc=0c  (3 полей)

[53/96] МОНЕ (id=557, cian=1589510) | ETA 3м37с
  ℹ️  city_id не обновляю (страница не содержит данных ЖК — вероятно, soft-block)
  ✅ фото=0  lat=—  addr=—
      округ=—  мкр=—  dev=—  desc=0c  (2 полей)

[54/96] Магнолия Парк (id=610, cian=47293) | ETA 3м34с
  ℹ️  city_id не обновляю (страница не содержит данных ЖК — вероятно, soft-block)
  ✅ фото=0  lat=—  addr=—
      округ=—  мкр=—  dev=—  desc=0c  (2 полей)

[55/96] Мадрид 4 (id=585, cian=149284) | ETA 3м30с
  ℹ️  city_id не обновляю (страница не содержит данных ЖК — вероятно, soft-block)
  ✅ фото=0  lat=—  addr=—
      округ=—  мкр=—  dev=—  desc=0c  (2 полей)

[56/96] Мадрид парк 2 (id=591, cian=51344) | ETA 2м27с
  ℹ️  city_id не обновляю (страница не содержит данных ЖК — вероятно, soft-block)
  ✅ фото=0  lat=—  addr=—
      округ=—  мкр=—  dev=—  desc=0c  (2 полей)

[57/96] Марина Парк (Marina Park) (id=551, cian=14805) | ETA 2м23с
  ℹ️  city_id не обновляю (страница не содержит данных ЖК — вероятно, soft-block)
  ✅ фото=0  lat=—  addr=—
      округ=—  мкр=—  dev=—  desc=0c  (2 полей)

[58/96] Мармелад (id=488, cian=4068933) | ETA 2м19с
  ℹ️  city_id не обновляю (страница не содержит данных ЖК — вероятно, soft-block)
  ✅ фото=0  lat=—  addr=—
      округ=—  мкр=—  dev=—  desc=0c  (3 полей)

[59/96] Маэстро (id=555, cian=15739) | ETA 2м15с
  ℹ️  city_id не обновляю (страница не содержит данных ЖК — вероятно, soft-block)
  ✅ фото=0  lat=—  addr=—
      округ=—  мкр=—  dev=—  desc=0c  (2 полей)

[60/96] Меркато (Mercato) (id=565, cian=47526) | ETA 2м12с
  ℹ️  city_id не обновляю (страница не содержит данных ЖК — вероятно, soft-block)
  ✅ фото=0  lat=—  addr=—
      округ=—  мкр=—  dev=—  desc=0c  (2 полей)

[61/96] Метрополь (id=560, cian=49744) | ETA 2м8с
  ℹ️  city_id не обновляю (страница не содержит данных ЖК — вероятно, soft-block)
  ✅ фото=0  lat=—  addr=—
      округ=—  мкр=—  dev=—  desc=0c  (2 полей)

[62/96] Мидгард (id=580, cian=14151) | ETA 2м5с
  ℹ️  city_id не обновляю (страница не содержит данных ЖК — вероятно, soft-block)
  ✅ фото=0  lat=—  addr=—
      округ=—  мкр=—  dev=—  desc=0c  (2 полей)

[63/96] Миллениум Тауэр (id=559, cian=2970) | ETA 2м1с
  ℹ️  city_id не обновляю (страница не содержит данных ЖК — вероятно, soft-block)
  ✅ фото=0  lat=—  addr=—
      округ=—  мкр=—  dev=—  desc=0c  (2 полей)

[64/96] Министерские озера (id=596, cian=49555) | ETA 2м57с
  ℹ️  city_id не обновляю (страница не содержит данных ЖК — вероятно, soft-block)
  ✅ фото=0  lat=—  addr=—
      округ=—  мкр=—  dev=—  desc=0c  (2 полей)

[65/96] Многофункциональный комплекс Парк (id=497, cian=5375584) | ETA 2м54с
  ℹ️  city_id не обновляю (страница не содержит данных ЖК — вероятно, soft-block)
  ✅ фото=0  lat=—  addr=—
      округ=—  мкр=—  dev=—  desc=0c  (3 полей)

[66/96] Моравия (id=561, cian=50418) | ETA 2м50с
  🔄 Новая сессия (ротация IP прокси)
  ℹ️  city_id не обновляю (страница не содержит данных ЖК — вероятно, soft-block)
  ✅ фото=0  lat=—  addr=—
      округ=—  мкр=—  dev=—  desc=0c  (2 полей)

[67/96] Моретта (id=508, cian=5680359) | ETA 2м47с
  ℹ️  city_id не обновляю (страница не содержит данных ЖК — вероятно, soft-block)
  ✅ фото=0  lat=—  addr=—
      округ=—  мкр=—  dev=—  desc=0c  (3 полей)

[68/96] Морская симфония (id=556, cian=8775) | ETA 2м43с
  ℹ️  city_id не обновляю (страница не содержит данных ЖК — вероятно, soft-block)
  ✅ фото=0  lat=—  addr=—
      округ=—  мкр=—  dev=—  desc=0c  (2 полей)

[69/96] Москва (id=546, cian=15026) | ETA 2м39с
  ℹ️  city_id не обновляю (страница не содержит данных ЖК — вероятно, soft-block)
  ✅ фото=0  lat=—  addr=—
      округ=—  мкр=—  dev=—  desc=0c  (2 полей)

[70/96] Нагорная 1 (id=611, cian=15779) | ETA 2м36с
  ℹ️  city_id не обновляю (страница не содержит данных ЖК — вероятно, soft-block)
  ✅ фото=0  lat=—  addr=—
      округ=—  мкр=—  dev=—  desc=0c  (2 полей)

[71/96] Новая Александрия (id=552, cian=8815) | ETA 2м32с
  ℹ️  city_id не обновляю (страница не содержит данных ЖК — вероятно, soft-block)
  ✅ фото=0  lat=—  addr=—
      округ=—  мкр=—  dev=—  desc=0c  (2 полей)

[72/96] Новая Альпика (id=514, cian=1736690) | ETA 1м28с
  ℹ️  city_id не обновляю (страница не содержит данных ЖК — вероятно, soft-block)
  ✅ фото=0  lat=—  addr=—
      округ=—  мкр=—  dev=—  desc=0c  (3 полей)

[73/96] Огни Сочи (id=574, cian=8798) | ETA 1м25с
  ℹ️  city_id не обновляю (страница не содержит данных ЖК — вероятно, soft-block)
  ✅ фото=0  lat=—  addr=—
      округ=—  мкр=—  dev=—  desc=0c  (2 полей)

[74/96] Октябрьский Сочи (id=586, cian=1373230) | ETA 1м21с
  ℹ️  city_id не обновляю (страница не содержит данных ЖК — вероятно, soft-block)
  ✅ фото=0  lat=—  addr=—
      округ=—  мкр=—  dev=—  desc=0c  (2 полей)

[75/96] Отражение (id=507, cian=4491907) | ETA 1м17с
  ℹ️  city_id не обновляю (страница не содержит данных ЖК — вероятно, soft-block)
  ✅ фото=0  lat=—  addr=—
      округ=—  мкр=—  dev=—  desc=0c  (3 полей)

[76/96] Панорама Парк (id=605, cian=17292) | ETA 1м14с
  ℹ️  city_id не обновляю (страница не содержит данных ЖК — вероятно, soft-block)
  ✅ фото=0  lat=—  addr=—
      округ=—  мкр=—  dev=—  desc=0c  (2 полей)

[77/96] Покровский (id=583, cian=1273927) | ETA 1м10с
  ℹ️  city_id не обновляю (страница не содержит данных ЖК — вероятно, soft-block)
  ✅ фото=0  lat=—  addr=—
      округ=—  мкр=—  dev=—  desc=0c  (2 полей)

[78/96] Покровский Парк (id=578, cian=386836) | ETA 1м6с
  ℹ️  city_id не обновляю (страница не содержит данных ЖК — вероятно, soft-block)
  ✅ фото=0  lat=—  addr=—
      округ=—  мкр=—  dev=—  desc=0c  (2 полей)

[79/96] Поляна Парк (id=503, cian=386717) | ETA 1м3с
  ℹ️  city_id не обновляю (страница не содержит данных ЖК — вероятно, soft-block)
  ✅ фото=0  lat=—  addr=—
      округ=—  мкр=—  dev=—  desc=0c  (3 полей)

[80/96] Поляна Пик (id=510, cian=3857460) | ETA 1м59с
  ℹ️  city_id не обновляю (страница не содержит данных ЖК — вероятно, soft-block)
  ✅ фото=0  lat=—  addr=—
      округ=—  мкр=—  dev=—  desc=0c  (3 полей)

[81/96] Раз Два Три (id=553, cian=8799) | ETA 1м55с
  ℹ️  city_id не обновляю (страница не содержит данных ЖК — вероятно, soft-block)
  ✅ фото=0  lat=—  addr=—
      округ=—  мкр=—  dev=—  desc=0c  (2 полей)

[82/96] Романовский (id=549, cian=11021) | ETA 1м52с
  ℹ️  city_id не обновляю (страница не содержит данных ЖК — вероятно, soft-block)
  ✅ фото=0  lat=—  addr=—
      округ=—  мкр=—  dev=—  desc=0c  (2 полей)

[83/96] Сан Сити (id=499, cian=605151) | ETA 1м48с
  ℹ️  city_id не обновляю (страница не содержит данных ЖК — вероятно, soft-block)
  ✅ фото=0  lat=—  addr=—
      округ=—  мкр=—  dev=—  desc=0c  (3 полей)

[84/96] Светлана парк (id=576, cian=2456681) | ETA 1м44с
  ℹ️  city_id не обновляю (страница не содержит данных ЖК — вероятно, soft-block)
  ✅ фото=0  lat=—  addr=—
      округ=—  мкр=—  dev=—  desc=0c  (2 полей)

[85/96] Светский лес (id=495, cian=4717526) | ETA 1м41с
  ℹ️  city_id не обновляю (страница не содержит данных ЖК — вероятно, soft-block)
  ✅ фото=0  lat=—  addr=—
      округ=—  мкр=—  dev=—  desc=0c  (3 полей)

[86/96] Семейный (id=593, cian=49924) | ETA 1м37с
  ℹ️  city_id не обновляю (страница не содержит данных ЖК — вероятно, soft-block)
  ✅ фото=0  lat=—  addr=—
      округ=—  мкр=—  dev=—  desc=0c  (2 полей)

[87/96] Сириус (id=597, cian=44605) | ETA 1м33с
  ℹ️  city_id не обновляю (страница не содержит данных ЖК — вероятно, soft-block)
  ✅ фото=0  lat=—  addr=—
      округ=—  мкр=—  dev=—  desc=0c  (2 полей)

[88/96] Сокол (id=563, cian=7905) | ETA 0м30с
  ℹ️  city_id не обновляю (страница не содержит данных ЖК — вероятно, soft-block)
  ✅ фото=0  lat=—  addr=—
      округ=—  мкр=—  dev=—  desc=0c  (2 полей)

[89/96] Сочи Парк (id=509, cian=2547532) | ETA 0м26с
  ℹ️  city_id не обновляю (страница не содержит данных ЖК — вероятно, soft-block)
  ✅ фото=0  lat=—  addr=—
      округ=—  мкр=—  dev=—  desc=0c  (3 полей)

[90/96] Тасмана (id=603, cian=191264) | ETA 0м22с
  ℹ️  city_id не обновляю (страница не содержит данных ЖК — вероятно, soft-block)
  ✅ фото=0  lat=—  addr=—
      округ=—  мкр=—  dev=—  desc=0c  (2 полей)

[91/96] Триумф (id=606, cian=14820) | ETA 0м18с
  ℹ️  city_id не обновляю (страница не содержит данных ЖК — вероятно, soft-block)
  ✅ фото=0  lat=—  addr=—
      округ=—  мкр=—  dev=—  desc=0c  (2 полей)

[92/96] Флора (id=502, cian=1907295) | ETA 0м15с
  ℹ️  city_id не обновляю (страница не содержит данных ЖК — вероятно, soft-block)
  ✅ фото=0  lat=—  addr=—
      округ=—  мкр=—  dev=—  desc=0c  (3 полей)

[93/96] Чайные холмы (id=498, cian=3402468) | ETA 0м11с
  ℹ️  city_id не обновляю (страница не содержит данных ЖК — вероятно, soft-block)
  ✅ фото=0  lat=—  addr=—
      округ=—  мкр=—  dev=—  desc=0c  (3 полей)

[94/96] Южное море (id=566, cian=46248) | ETA 0м7с
  ℹ️  city_id не обновляю (страница не содержит данных ЖК — вероятно, soft-block)
  ✅ фото=0  lat=—  addr=—
      округ=—  мкр=—  dev=—  desc=0c  (2 полей)

[95/96] Южный Парк (id=512, cian=1687914) | ETA 0м4с
  ℹ️  city_id не обновляю (страница не содержит данных ЖК — вероятно, soft-block)
  ✅ фото=0  lat=—  addr=—
      округ=—  мкр=—  dev=—  desc=0c  (3 полей)

[96/96] ул. Калараша (id=570, cian=49606) | ETA 0м0с
  ℹ️  city_id не обновляю (страница не содержит данных ЖК — вероятно, soft-block)
  ✅ фото=0  lat=—  addr=—
      округ=—  мкр=—  dev=—  desc=0c  (2 полей)

════════════════════════════════════════════════════════════
Итого: ✅96  ❌0  ⏭️0  из 96 ЖК  за 6.0 мин

✅ Процесс завершён (код 0)

🔄 АВТО: запускаем разбор адресов (parse_cian_addresses.py)...
Processing 96 complexes (city_id=2), mode=COALESCE (fill nulls only)...


✅ Updated: 96, Errors: 0

── Fill-rate ──────────────────────────────────────────
  has_region                    : 124
  has_city                      : 407
  has_district                  : 86
  has_quarter                   : 95
  has_street                    : 426
  has_house                     : 181
  total                         : 495
✅ Разбор адресов завершён (код 0)

🔄 АВТО: синхронизируем адреса квартир (propagate_rc_address.py)...
WARNING: TELEGRAM_BOT_TOKEN not set - Telegram notifications will be disabled
TELEGRAM_BOT_TOKEN not found
ℹ️  Sentry disabled (SENTRY_DSN not set)
2026-06-19 11:54:30,736 - INFO - Security configuration initialized:
2026-06-19 11:54:30,736 - INFO -   ✅ Rate Limiting: Active
2026-06-19 11:54:30,736 - INFO -   ✅ CSRF Protection: Active
2026-06-19 11:54:30,736 - INFO -   ✅ Security Headers: Active
2026-06-19 11:54:30,736 - INFO -   ✅ XSS Protection: Active
2026-06-19 11:54:30,736 - INFO -   ✅ Clickjacking Protection: Active
2026-06-19 11:54:30,736 - INFO -   ✅ SQL Injection Protection: Active (SQLAlchemy ORM)
✅ Advanced security features initialized successfully
Database tables created successfully!
2026-06-19 11:54:32,658 - DEBUG - /etc/localtime found
2026-06-19 11:54:32,659 - DEBUG - No explicit setting existed. Use localtime
2026-06-19 11:54:32,659 - INFO - Adding job tentatively -- it will be properly scheduled when the scheduler starts
2026-06-19 11:54:32,660 - INFO - Adding job tentatively -- it will be properly scheduled when the scheduler starts
2026-06-19 11:54:32,660 - INFO - Adding job tentatively -- it will be properly scheduled when the scheduler starts
2026-06-19 11:54:32,660 - INFO - Adding job tentatively -- it will be properly scheduled when the scheduler starts
2026-06-19 11:54:32,660 - INFO - Adding job tentatively -- it will be properly scheduled when the scheduler starts
2026-06-19 11:54:32,660 - INFO - Adding job tentatively -- it will be properly scheduled when the scheduler starts
2026-06-19 11:54:32,660 - INFO - Adding job tentatively -- it will be properly scheduled when the scheduler starts
2026-06-19 11:54:32,660 - INFO - Adding job tentatively -- it will be properly scheduled when the scheduler starts
2026-06-19 11:54:32,660 - INFO - Adding job tentatively -- it will be properly scheduled when the scheduler starts
2026-06-19 11:54:32,661 - INFO - Adding job tentatively -- it will be properly scheduled when the scheduler starts
2026-06-19 11:54:32,661 - INFO - Adding job tentatively -- it will be properly scheduled when the scheduler starts
2026-06-19 11:54:32,661 - INFO - Adding job tentatively -- it will be properly scheduled when the scheduler starts
2026-06-19 11:54:32,661 - INFO - Adding job tentatively -- it will be properly scheduled when the scheduler starts
2026-06-19 11:54:32,661 - INFO - Adding job tentatively -- it will be properly scheduled when the scheduler starts
2026-06-19 11:54:32,661 - INFO - Adding job tentatively -- it will be properly scheduled when the scheduler starts
2026-06-19 11:54:32,661 - INFO - Adding job tentatively -- it will be properly scheduled when the scheduler starts
2026-06-19 11:54:32,662 - INFO - Adding job tentatively -- it will be properly scheduled when the scheduler starts
2026-06-19 11:54:32,662 - INFO - Adding job tentatively -- it will be properly scheduled when the scheduler starts
2026-06-19 11:54:32,662 - INFO - Adding job tentatively -- it will be properly scheduled when the scheduler starts
2026-06-19 11:54:32,662 - INFO - Adding job tentatively -- it will be properly scheduled when the scheduler starts
2026-06-19 11:54:32,662 - INFO - ⏸️  APScheduler skipped - Set ENABLE_SCHEDULER=true to run background jobs
Propagating RC address → properties (force=False, city=2) ...
  parsed_area updated:       0
  parsed_settlement updated: 0
  parsed_street updated:     0
  parsed_city updated:       0

Final coverage:
  Окrug  (parsed_area):       6109/65380 (9%)
  Мкр    (parsed_settlement): 2840/65380 (4%)
  Улица  (parsed_street):     58113/65380 (88%)
Done.
✅ Синхронизация адресов завершена (код 0)
